{"C:\\Users\\justi\\OneDrive\\Desktop\\Epicodus-Projects\\week5\\rpg\\src\\backend.js": {"path":"C:\\Users\\justi\\OneDrive\\Desktop\\Epicodus-Projects\\week5\\rpg\\src\\backend.js","statementMap":{"0":{"start":{"line":2,"column":2},"end":{"line":2,"column":19}},"1":{"start":{"line":3,"column":2},"end":{"line":3,"column":31}},"2":{"start":{"line":4,"column":2},"end":{"line":4,"column":119}},"3":{"start":{"line":5,"column":2},"end":{"line":5,"column":22}},"4":{"start":{"line":6,"column":2},"end":{"line":6,"column":121}},"5":{"start":{"line":10,"column":2},"end":{"line":10,"column":19}},"6":{"start":{"line":11,"column":2},"end":{"line":11,"column":33}},"7":{"start":{"line":12,"column":2},"end":{"line":12,"column":41}},"8":{"start":{"line":13,"column":2},"end":{"line":13,"column":32}},"9":{"start":{"line":14,"column":2},"end":{"line":14,"column":26}},"10":{"start":{"line":17,"column":0},"end":{"line":22,"column":2}},"11":{"start":{"line":18,"column":18},"end":{"line":18,"column":57}},"12":{"start":{"line":19,"column":2},"end":{"line":21,"column":5}},"13":{"start":{"line":20,"column":4},"end":{"line":20,"column":74}},"14":{"start":{"line":24,"column":0},"end":{"line":105,"column":2}},"15":{"start":{"line":25,"column":2},"end":{"line":40,"column":3}},"16":{"start":{"line":26,"column":22},"end":{"line":26,"column":77}},"17":{"start":{"line":27,"column":26},"end":{"line":27,"column":85}},"18":{"start":{"line":28,"column":24},"end":{"line":28,"column":79}},"19":{"start":{"line":29,"column":24},"end":{"line":29,"column":80}},"20":{"start":{"line":30,"column":23},"end":{"line":30,"column":66}},"21":{"start":{"line":32,"column":4},"end":{"line":32,"column":44}},"22":{"start":{"line":33,"column":4},"end":{"line":33,"column":44}},"23":{"start":{"line":34,"column":4},"end":{"line":34,"column":45}},"24":{"start":{"line":35,"column":4},"end":{"line":35,"column":62}},"25":{"start":{"line":36,"column":4},"end":{"line":36,"column":63}},"26":{"start":{"line":37,"column":4},"end":{"line":37,"column":60}},"27":{"start":{"line":38,"column":4},"end":{"line":38,"column":62}},"28":{"start":{"line":39,"column":4},"end":{"line":39,"column":58}},"29":{"start":{"line":42,"column":2},"end":{"line":57,"column":3}},"30":{"start":{"line":43,"column":22},"end":{"line":43,"column":77}},"31":{"start":{"line":44,"column":22},"end":{"line":44,"column":77}},"32":{"start":{"line":45,"column":23},"end":{"line":45,"column":79}},"33":{"start":{"line":46,"column":17},"end":{"line":46,"column":68}},"34":{"start":{"line":47,"column":21},"end":{"line":47,"column":54}},"35":{"start":{"line":49,"column":4},"end":{"line":49,"column":44}},"36":{"start":{"line":50,"column":4},"end":{"line":50,"column":44}},"37":{"start":{"line":51,"column":4},"end":{"line":51,"column":62}},"38":{"start":{"line":52,"column":4},"end":{"line":52,"column":59}},"39":{"start":{"line":53,"column":4},"end":{"line":53,"column":59}},"40":{"start":{"line":54,"column":4},"end":{"line":54,"column":55}},"41":{"start":{"line":55,"column":4},"end":{"line":55,"column":57}},"42":{"start":{"line":59,"column":2},"end":{"line":72,"column":3}},"43":{"start":{"line":60,"column":24},"end":{"line":60,"column":83}},"44":{"start":{"line":61,"column":28},"end":{"line":61,"column":89}},"45":{"start":{"line":62,"column":26},"end":{"line":62,"column":85}},"46":{"start":{"line":63,"column":23},"end":{"line":63,"column":80}},"47":{"start":{"line":65,"column":4},"end":{"line":65,"column":44}},"48":{"start":{"line":66,"column":4},"end":{"line":66,"column":49}},"49":{"start":{"line":67,"column":4},"end":{"line":67,"column":64}},"50":{"start":{"line":68,"column":4},"end":{"line":68,"column":65}},"51":{"start":{"line":69,"column":4},"end":{"line":69,"column":62}},"52":{"start":{"line":70,"column":4},"end":{"line":70,"column":61}},"53":{"start":{"line":74,"column":2},"end":{"line":88,"column":3}},"54":{"start":{"line":75,"column":21},"end":{"line":75,"column":74}},"55":{"start":{"line":76,"column":22},"end":{"line":76,"column":75}},"56":{"start":{"line":77,"column":24},"end":{"line":77,"column":79}},"57":{"start":{"line":78,"column":22},"end":{"line":78,"column":75}},"58":{"start":{"line":80,"column":4},"end":{"line":80,"column":44}},"59":{"start":{"line":81,"column":4},"end":{"line":81,"column":44}},"60":{"start":{"line":82,"column":4},"end":{"line":82,"column":45}},"61":{"start":{"line":83,"column":4},"end":{"line":83,"column":61}},"62":{"start":{"line":84,"column":4},"end":{"line":84,"column":59}},"63":{"start":{"line":85,"column":4},"end":{"line":85,"column":60}},"64":{"start":{"line":86,"column":4},"end":{"line":86,"column":60}},"65":{"start":{"line":87,"column":4},"end":{"line":87,"column":42}},"66":{"start":{"line":90,"column":2},"end":{"line":103,"column":3}},"67":{"start":{"line":91,"column":23},"end":{"line":91,"column":78}},"68":{"start":{"line":92,"column":25},"end":{"line":92,"column":82}},"69":{"start":{"line":93,"column":24},"end":{"line":93,"column":78}},"70":{"start":{"line":94,"column":22},"end":{"line":94,"column":75}},"71":{"start":{"line":96,"column":4},"end":{"line":96,"column":44}},"72":{"start":{"line":97,"column":4},"end":{"line":97,"column":44}},"73":{"start":{"line":98,"column":4},"end":{"line":98,"column":44}},"74":{"start":{"line":99,"column":4},"end":{"line":99,"column":63}},"75":{"start":{"line":100,"column":4},"end":{"line":100,"column":62}},"76":{"start":{"line":101,"column":4},"end":{"line":101,"column":60}},"77":{"start":{"line":102,"column":4},"end":{"line":102,"column":60}},"78":{"start":{"line":107,"column":0},"end":{"line":113,"column":1}},"79":{"start":{"line":108,"column":22},"end":{"line":108,"column":23}},"80":{"start":{"line":109,"column":2},"end":{"line":109,"column":98}},"81":{"start":{"line":110,"column":21},"end":{"line":110,"column":64}},"82":{"start":{"line":111,"column":2},"end":{"line":111,"column":60}},"83":{"start":{"line":112,"column":2},"end":{"line":112,"column":22}},"84":{"start":{"line":115,"column":0},"end":{"line":125,"column":1}},"85":{"start":{"line":116,"column":20},"end":{"line":116,"column":21}},"86":{"start":{"line":117,"column":2},"end":{"line":117,"column":73}},"87":{"start":{"line":118,"column":2},"end":{"line":124,"column":3}},"88":{"start":{"line":119,"column":4},"end":{"line":119,"column":52}},"89":{"start":{"line":120,"column":4},"end":{"line":120,"column":38}},"90":{"start":{"line":123,"column":4},"end":{"line":123,"column":38}}},"fnMap":{"0":{"name":"NewCharacter","decl":{"start":{"line":1,"column":24},"end":{"line":1,"column":36}},"loc":{"start":{"line":1,"column":55},"end":{"line":7,"column":1}},"line":1},"1":{"name":"NewItem","decl":{"start":{"line":9,"column":9},"end":{"line":9,"column":16}},"loc":{"start":{"line":9,"column":76},"end":{"line":15,"column":1}},"line":9},"2":{"name":"(anonymous_2)","decl":{"start":{"line":17,"column":35},"end":{"line":17,"column":36}},"loc":{"start":{"line":17,"column":61},"end":{"line":22,"column":1}},"line":17},"3":{"name":"(anonymous_3)","decl":{"start":{"line":19,"column":20},"end":{"line":19,"column":21}},"loc":{"start":{"line":19,"column":30},"end":{"line":21,"column":3}},"line":19},"4":{"name":"(anonymous_4)","decl":{"start":{"line":24,"column":38},"end":{"line":24,"column":39}},"loc":{"start":{"line":24,"column":65},"end":{"line":105,"column":1}},"line":24},"5":{"name":"(anonymous_5)","decl":{"start":{"line":107,"column":32},"end":{"line":107,"column":33}},"loc":{"start":{"line":107,"column":55},"end":{"line":113,"column":1}},"line":107},"6":{"name":"(anonymous_6)","decl":{"start":{"line":115,"column":32},"end":{"line":115,"column":33}},"loc":{"start":{"line":115,"column":71},"end":{"line":125,"column":1}},"line":115}},"branchMap":{"0":{"loc":{"start":{"line":25,"column":2},"end":{"line":40,"column":3}},"type":"if","locations":[{"start":{"line":25,"column":2},"end":{"line":40,"column":3}},{"start":{"line":25,"column":2},"end":{"line":40,"column":3}}],"line":25},"1":{"loc":{"start":{"line":42,"column":2},"end":{"line":57,"column":3}},"type":"if","locations":[{"start":{"line":42,"column":2},"end":{"line":57,"column":3}},{"start":{"line":42,"column":2},"end":{"line":57,"column":3}}],"line":42},"2":{"loc":{"start":{"line":59,"column":2},"end":{"line":72,"column":3}},"type":"if","locations":[{"start":{"line":59,"column":2},"end":{"line":72,"column":3}},{"start":{"line":59,"column":2},"end":{"line":72,"column":3}}],"line":59},"3":{"loc":{"start":{"line":74,"column":2},"end":{"line":88,"column":3}},"type":"if","locations":[{"start":{"line":74,"column":2},"end":{"line":88,"column":3}},{"start":{"line":74,"column":2},"end":{"line":88,"column":3}}],"line":74},"4":{"loc":{"start":{"line":90,"column":2},"end":{"line":103,"column":3}},"type":"if","locations":[{"start":{"line":90,"column":2},"end":{"line":103,"column":3}},{"start":{"line":90,"column":2},"end":{"line":103,"column":3}}],"line":90},"5":{"loc":{"start":{"line":118,"column":2},"end":{"line":124,"column":3}},"type":"if","locations":[{"start":{"line":118,"column":2},"end":{"line":124,"column":3}},{"start":{"line":118,"column":2},"end":{"line":124,"column":3}}],"line":118}},"s":{"0":11,"1":11,"2":11,"3":11,"4":11,"5":6,"6":6,"7":6,"8":6,"9":6,"10":1,"11":4,"12":4,"13":40,"14":1,"15":8,"16":4,"17":4,"18":4,"19":4,"20":4,"21":4,"22":4,"23":4,"24":4,"25":4,"26":4,"27":4,"28":4,"29":8,"30":2,"31":2,"32":2,"33":2,"34":2,"35":2,"36":2,"37":2,"38":2,"39":2,"40":2,"41":2,"42":8,"43":1,"44":1,"45":1,"46":1,"47":1,"48":1,"49":1,"50":1,"51":1,"52":1,"53":8,"54":0,"55":0,"56":0,"57":0,"58":0,"59":0,"60":0,"61":0,"62":0,"63":0,"64":0,"65":0,"66":8,"67":1,"68":1,"69":1,"70":1,"71":1,"72":1,"73":1,"74":1,"75":1,"76":1,"77":1,"78":1,"79":2,"80":2,"81":2,"82":2,"83":2,"84":1,"85":1,"86":1,"87":1,"88":1,"89":1,"90":0},"f":{"0":11,"1":6,"2":4,"3":40,"4":8,"5":2,"6":1},"b":{"0":[4,4],"1":[2,6],"2":[1,7],"3":[0,8],"4":[1,7],"5":[1,0]},"_coverageSchema":"43e27e138ebf9cfc5966b082cf9a028302ed4184","hash":"a993e6b82848d810206667e922ddd1eb6384e0a6"}
}
