TN:
SF:C:\Users\justi\OneDrive\Desktop\Epicodus-Projects\week5\rpg\src\backend.js
FN:1,NewCharacter
FN:9,NewItem
FN:17,(anonymous_2)
FN:19,(anonymous_3)
FN:24,(anonymous_4)
FN:107,(anonymous_5)
FN:115,(anonymous_6)
FNF:7
FNH:7
FNDA:11,NewCharacter
FNDA:6,NewItem
FNDA:4,(anonymous_2)
FNDA:40,(anonymous_3)
FNDA:8,(anonymous_4)
FNDA:2,(anonymous_5)
FNDA:1,(anonymous_6)
DA:2,11
DA:3,11
DA:4,11
DA:5,11
DA:6,11
DA:10,6
DA:11,6
DA:12,6
DA:13,6
DA:14,6
DA:17,1
DA:18,4
DA:19,4
DA:20,40
DA:24,1
DA:25,8
DA:26,4
DA:27,4
DA:28,4
DA:29,4
DA:30,4
DA:32,4
DA:33,4
DA:34,4
DA:35,4
DA:36,4
DA:37,4
DA:38,4
DA:39,4
DA:42,8
DA:43,2
DA:44,2
DA:45,2
DA:46,2
DA:47,2
DA:49,2
DA:50,2
DA:51,2
DA:52,2
DA:53,2
DA:54,2
DA:55,2
DA:59,8
DA:60,1
DA:61,1
DA:62,1
DA:63,1
DA:65,1
DA:66,1
DA:67,1
DA:68,1
DA:69,1
DA:70,1
DA:74,8
DA:75,0
DA:76,0
DA:77,0
DA:78,0
DA:80,0
DA:81,0
DA:82,0
DA:83,0
DA:84,0
DA:85,0
DA:86,0
DA:87,0
DA:90,8
DA:91,1
DA:92,1
DA:93,1
DA:94,1
DA:96,1
DA:97,1
DA:98,1
DA:99,1
DA:100,1
DA:101,1
DA:102,1
DA:107,1
DA:108,2
DA:109,2
DA:110,2
DA:111,2
DA:112,2
DA:115,1
DA:116,1
DA:117,1
DA:118,1
DA:119,1
DA:120,1
DA:123,0
LF:91
LH:78
BRDA:25,0,0,4
BRDA:25,0,1,4
BRDA:42,1,0,2
BRDA:42,1,1,6
BRDA:59,2,0,1
BRDA:59,2,1,7
BRDA:74,3,0,0
BRDA:74,3,1,8
BRDA:90,4,0,1
BRDA:90,4,1,7
BRDA:118,5,0,1
BRDA:118,5,1,0
BRF:12
BRH:10
end_of_record
